<?xml version="1.0" encoding="UTF-8"?>
<testsuite name="math.ToTestTest" tests="1" skipped="0" failures="0" errors="0" timestamp="2018-12-04T12:44:44" hostname="ip-10-240-124-81.eu-west-1.compute.internal" time="0.002">
  <properties/>
  <testcase name="testPlus" classname="math.ToTestTest" time="0.002"/>
  <system-out><![CDATA[]]></system-out>
  <system-err><![CDATA[]]></system-err>
</testsuite>
